<?xml version="1.0" encoding="UTF-8"?>
<testsuite name="ComparadorDeHashSpec" tests="1" skipped="0" failures="0" errors="0" timestamp="2021-06-08T20:16:10" hostname="EFROZZA" time="0.254">
  <properties/>
  <testcase name="Deve solicitar recalculo" classname="ComparadorDeHashSpec" time="0.254"/>
  <system-out><![CDATA[]]></system-out>
  <system-err><![CDATA[]]></system-err>
</testsuite>
